This file contains any messages produced by compilers while
running configure, to aid debugging if configure makes a mistake.

It was created by pocl configure 0.11, which was
generated by GNU Autoconf 2.69.  Invocation command line was

  $ ./configure --prefix=/usr/local/pocl-0.11/

## --------- ##
## Platform. ##
## --------- ##

hostname = linaro-ubuntu-desktop
uname -m = armv7l
uname -r = 4.0.0-xilinx-gf46c162
uname -s = Linux
uname -v = #4 SMP PREEMPT Tue Jul 14 17:27:30 BST 2015

/usr/bin/uname -p = unknown
/bin/uname -X     = unknown

/bin/arch              = unknown
/usr/bin/arch -k       = unknown
/usr/convex/getsysinfo = unknown
/usr/bin/hostinfo      = unknown
/bin/machine           = unknown
/usr/bin/oslevel       = unknown
/bin/universe          = unknown

PATH: /usr/local/hwloc-1.0.3/bin
PATH: /usr/local/graphviz/bin
PATH: /usr/local/ffmpeg/bin
PATH: /usr/local/coprthr-opencl/bin
PATH: /usr/local/gdb-7.8/bin
PATH: /usr/local/fuse-2.9.3/bin
PATH: /usr/local/httpd/bin/
PATH: /usr/local/llvm-3.5.0/bin/
PATH: /usr/local/sbin
PATH: /usr/local/bin
PATH: /usr/sbin
PATH: /usr/bin
PATH: /sbin
PATH: /bin
PATH: /usr/games


## ----------- ##
## Core tests. ##
## ----------- ##

configure:2804: checking build system type
configure:2818: result: armv7l-unknown-linux-gnueabihf
configure:2838: checking host system type
configure:2851: result: armv7l-unknown-linux-gnueabihf
configure:2871: checking target system type
configure:2884: result: armv7l-unknown-linux-gnueabihf
configure:2927: checking for a BSD-compatible install
configure:2995: result: /usr/bin/install -c
configure:3006: checking whether build environment is sane
configure:3061: result: yes
configure:3212: checking for a thread-safe mkdir -p
configure:3251: result: /bin/mkdir -p
configure:3258: checking for gawk
configure:3274: found /usr/local/bin/gawk
configure:3285: result: gawk
configure:3296: checking whether make sets $(MAKE)
configure:3318: result: yes
configure:3347: checking whether make supports nested variables
configure:3364: result: yes
configure:3500: checking whether make supports nested variables
configure:3517: result: yes
configure:3626: checking for pkg-config
configure:3644: found /usr/local/bin/pkg-config
configure:3656: result: /usr/local/bin/pkg-config
configure:3681: checking pkg-config is at least version 0.9.0
configure:3684: result: yes
configure:3696: $PKG_CONFIG --exists --print-errors "pkg-config"
configure:3699: $? = 0
configure:3708: checking for HWLOC
configure:3715: $PKG_CONFIG --exists --print-errors "hwloc >= 1.0"
configure:3718: $? = 0
configure:3732: $PKG_CONFIG --exists --print-errors "hwloc >= 1.0"
configure:3735: $? = 0
configure:3817: checking for gcc
configure:3833: found /usr/bin/gcc
configure:3844: result: gcc
configure:4073: checking for C compiler version
configure:4082: gcc --version >&5
gcc (GCC) 4.9.2
Copyright (C) 2014 Free Software Foundation, Inc.
This is free software; see the source for copying conditions.  There is NO
warranty; not even for MERCHANTABILITY or FITNESS FOR A PARTICULAR PURPOSE.

configure:4093: $? = 0
configure:4082: gcc -v >&5
Using built-in specs.
COLLECT_GCC=gcc
COLLECT_LTO_WRAPPER=/usr/lib/gcc/armv7l-unknown-linux-gnueabihf/4.9.2/lto-wrapper
Target: armv7l-unknown-linux-gnueabihf
Configured with: ../gcc-4.9.2/configure --prefix=/usr --libdir=/usr/lib --libexecdir=/usr/lib --enable-shared --enable-threads=posix --enable-__cxa_atexit --enable-clocale=gnu --disable-multilib --with-system-zlib --enable-languages=c,c++,fortran,go,objc,obj-c++ --enable-linker-build-id --without-included-gettext --enable-nls --enable-libstdcxx-debug --enable-libstdcxx-time=yes --enable-gnu-unique-object --enable-plugin --disable-sjlj-exceptions --with-arch=armv7-a --with-float=hard --with-fpu=neon --with-mode=thumb --disable-werror --enable-checking=release
Thread model: posix
gcc version 4.9.2 (GCC) 
configure:4093: $? = 0
configure:4082: gcc -V >&5
gcc: error: unrecognized command line option '-V'
gcc: fatal error: no input files
compilation terminated.
configure:4093: $? = 1
configure:4082: gcc -qversion >&5
gcc: error: unrecognized command line option '-qversion'
gcc: fatal error: no input files
compilation terminated.
configure:4093: $? = 1
configure:4113: checking whether the C compiler works
configure:4135: gcc    conftest.c  >&5
configure:4139: $? = 0
configure:4187: result: yes
configure:4190: checking for C compiler default output file name
configure:4192: result: a.out
configure:4198: checking for suffix of executables
configure:4205: gcc -o conftest    conftest.c  >&5
configure:4209: $? = 0
configure:4231: result: 
configure:4253: checking whether we are cross compiling
configure:4261: gcc -o conftest    conftest.c  >&5
configure:4265: $? = 0
configure:4272: ./conftest
configure:4276: $? = 0
configure:4291: result: no
configure:4296: checking for suffix of object files
configure:4318: gcc -c   conftest.c >&5
configure:4322: $? = 0
configure:4343: result: o
configure:4347: checking whether we are using the GNU C compiler
configure:4366: gcc -c   conftest.c >&5
configure:4366: $? = 0
configure:4375: result: yes
configure:4384: checking whether gcc accepts -g
configure:4404: gcc -c -g  conftest.c >&5
configure:4404: $? = 0
configure:4445: result: yes
configure:4462: checking for gcc option to accept ISO C89
configure:4525: gcc  -c -g -O2  conftest.c >&5
configure:4525: $? = 0
configure:4538: result: none needed
configure:4563: checking whether gcc understands -c and -o together
configure:4585: gcc -c conftest.c -o conftest2.o
configure:4588: $? = 0
configure:4585: gcc -c conftest.c -o conftest2.o
configure:4588: $? = 0
configure:4600: result: yes
configure:4628: checking for style of include used by make
configure:4656: result: GNU
configure:4682: checking dependency style of gcc
configure:4793: result: gcc3
configure:4866: checking for g++
configure:4882: found /usr/bin/g++
configure:4893: result: g++
configure:4920: checking for C++ compiler version
configure:4929: g++ --version >&5
g++ (GCC) 4.9.2
Copyright (C) 2014 Free Software Foundation, Inc.
This is free software; see the source for copying conditions.  There is NO
warranty; not even for MERCHANTABILITY or FITNESS FOR A PARTICULAR PURPOSE.

configure:4940: $? = 0
configure:4929: g++ -v >&5
Using built-in specs.
COLLECT_GCC=g++
COLLECT_LTO_WRAPPER=/usr/lib/gcc/armv7l-unknown-linux-gnueabihf/4.9.2/lto-wrapper
Target: armv7l-unknown-linux-gnueabihf
Configured with: ../gcc-4.9.2/configure --prefix=/usr --libdir=/usr/lib --libexecdir=/usr/lib --enable-shared --enable-threads=posix --enable-__cxa_atexit --enable-clocale=gnu --disable-multilib --with-system-zlib --enable-languages=c,c++,fortran,go,objc,obj-c++ --enable-linker-build-id --without-included-gettext --enable-nls --enable-libstdcxx-debug --enable-libstdcxx-time=yes --enable-gnu-unique-object --enable-plugin --disable-sjlj-exceptions --with-arch=armv7-a --with-float=hard --with-fpu=neon --with-mode=thumb --disable-werror --enable-checking=release
Thread model: posix
gcc version 4.9.2 (GCC) 
configure:4940: $? = 0
configure:4929: g++ -V >&5
g++: error: unrecognized command line option '-V'
g++: fatal error: no input files
compilation terminated.
configure:4940: $? = 1
configure:4929: g++ -qversion >&5
g++: error: unrecognized command line option '-qversion'
g++: fatal error: no input files
compilation terminated.
configure:4940: $? = 1
configure:4944: checking whether we are using the GNU C++ compiler
configure:4963: g++ -c   conftest.cpp >&5
configure:4963: $? = 0
configure:4972: result: yes
configure:4981: checking whether g++ accepts -g
configure:5001: g++ -c -g  conftest.cpp >&5
configure:5001: $? = 0
configure:5042: result: yes
configure:5067: checking dependency style of g++
configure:5178: result: gcc3
configure:5193: checking whether ln -s works
configure:5197: result: yes
configure:5255: checking for ar
configure:5271: found /usr/bin/ar
configure:5282: result: ar
configure:5308: checking the archiver (ar) interface
configure:5324: gcc -c -g -O2  conftest.c >&5
configure:5324: $? = 0
configure:5326: ar cru libconftest.a conftest.o >&5
configure:5329: $? = 0
configure:5357: result: ar
configure:5424: checking how to print strings
configure:5451: result: printf
configure:5472: checking for a sed that does not truncate output
configure:5536: result: /bin/sed
configure:5554: checking for grep that handles long lines and -e
configure:5612: result: /bin/grep
configure:5617: checking for egrep
configure:5679: result: /bin/grep -E
configure:5684: checking for fgrep
configure:5746: result: /bin/grep -F
configure:5781: checking for ld used by gcc
configure:5848: result: /usr/bin/ld
configure:5855: checking if the linker (/usr/bin/ld) is GNU ld
configure:5870: result: yes
configure:5882: checking for BSD- or MS-compatible name lister (nm)
configure:5931: result: /usr/bin/nm -B
configure:6061: checking the name lister (/usr/bin/nm -B) interface
configure:6068: gcc -c -g -O2  conftest.c >&5
configure:6071: /usr/bin/nm -B "conftest.o"
configure:6074: output
00000000 B some_variable
configure:6081: result: BSD nm
configure:6085: checking the maximum length of command line arguments
configure:6216: result: 1572864
configure:6233: checking whether the shell understands some XSI constructs
configure:6243: result: yes
configure:6247: checking whether the shell understands "+="
configure:6253: result: yes
configure:6288: checking how to convert armv7l-unknown-linux-gnueabihf file names to armv7l-unknown-linux-gnueabihf format
configure:6328: result: func_convert_file_noop
configure:6335: checking how to convert armv7l-unknown-linux-gnueabihf file names to toolchain format
configure:6355: result: func_convert_file_noop
configure:6362: checking for /usr/bin/ld option to reload object files
configure:6369: result: -r
configure:6443: checking for objdump
configure:6459: found /usr/bin/objdump
configure:6470: result: objdump
configure:6502: checking how to recognize dependent libraries
configure:6700: result: pass_all
configure:6785: checking for dlltool
configure:6815: result: no
configure:6845: checking how to associate runtime and link libraries
configure:6872: result: printf %s\n
configure:6996: checking for archiver @FILE support
configure:7013: gcc -c -g -O2  conftest.c >&5
configure:7013: $? = 0
configure:7016: ar cru libconftest.a @conftest.lst >&5
configure:7019: $? = 0
configure:7024: ar cru libconftest.a @conftest.lst >&5
ar: conftest.o: No such file or directory
configure:7027: $? = 1
configure:7039: result: @
configure:7097: checking for strip
configure:7113: found /usr/bin/strip
configure:7124: result: strip
configure:7196: checking for ranlib
configure:7212: found /usr/bin/ranlib
configure:7223: result: ranlib
configure:7325: checking command to parse /usr/bin/nm -B output from gcc object
configure:7445: gcc -c -g -O2  conftest.c >&5
configure:7448: $? = 0
configure:7452: /usr/bin/nm -B conftest.o \| sed -n -e 's/^.*[ ]\([ABCDGIRSTW][ABCDGIRSTW]*\)[ ][ ]*\([_A-Za-z][_A-Za-z0-9]*\)$/\1 \2 \2/p' | sed '/ __gnu_lto/d' \> conftest.nm
configure:7455: $? = 0
configure:7521: gcc -o conftest -g -O2   conftest.c conftstm.o >&5
configure:7524: $? = 0
configure:7562: result: ok
configure:7599: checking for sysroot
configure:7629: result: no
configure:7898: checking for mt
configure:7914: found /bin/mt
configure:7925: result: mt
configure:7948: checking if mt is a manifest tool
configure:7954: mt '-?'
configure:7962: result: no
configure:8604: checking how to run the C preprocessor
configure:8635: gcc -E  conftest.c
configure:8635: $? = 0
configure:8649: gcc -E  conftest.c
conftest.c:11:28: fatal error: ac_nonexistent.h: No such file or directory
 #include <ac_nonexistent.h>
                            ^
compilation terminated.
configure:8649: $? = 1
configure: failed program was:
| /* confdefs.h */
| #define PACKAGE_NAME "pocl"
| #define PACKAGE_TARNAME "pocl"
| #define PACKAGE_VERSION "0.11"
| #define PACKAGE_STRING "pocl 0.11"
| #define PACKAGE_BUGREPORT "pocl-devel@lists.sourceforge.net"
| #define PACKAGE_URL ""
| #define PACKAGE "pocl"
| #define VERSION "0.11"
| /* end confdefs.h.  */
| #include <ac_nonexistent.h>
configure:8674: result: gcc -E
configure:8694: gcc -E  conftest.c
configure:8694: $? = 0
configure:8708: gcc -E  conftest.c
conftest.c:11:28: fatal error: ac_nonexistent.h: No such file or directory
 #include <ac_nonexistent.h>
                            ^
compilation terminated.
configure:8708: $? = 1
configure: failed program was:
| /* confdefs.h */
| #define PACKAGE_NAME "pocl"
| #define PACKAGE_TARNAME "pocl"
| #define PACKAGE_VERSION "0.11"
| #define PACKAGE_STRING "pocl 0.11"
| #define PACKAGE_BUGREPORT "pocl-devel@lists.sourceforge.net"
| #define PACKAGE_URL ""
| #define PACKAGE "pocl"
| #define VERSION "0.11"
| /* end confdefs.h.  */
| #include <ac_nonexistent.h>
configure:8737: checking for ANSI C header files
configure:8757: gcc -c -g -O2  conftest.c >&5
configure:8757: $? = 0
configure:8830: gcc -o conftest -g -O2   conftest.c  >&5
configure:8830: $? = 0
configure:8830: ./conftest
configure:8830: $? = 0
configure:8841: result: yes
configure:8854: checking for sys/types.h
configure:8854: gcc -c -g -O2  conftest.c >&5
configure:8854: $? = 0
configure:8854: result: yes
configure:8854: checking for sys/stat.h
configure:8854: gcc -c -g -O2  conftest.c >&5
configure:8854: $? = 0
configure:8854: result: yes
configure:8854: checking for stdlib.h
configure:8854: gcc -c -g -O2  conftest.c >&5
configure:8854: $? = 0
configure:8854: result: yes
configure:8854: checking for string.h
configure:8854: gcc -c -g -O2  conftest.c >&5
configure:8854: $? = 0
configure:8854: result: yes
configure:8854: checking for memory.h
configure:8854: gcc -c -g -O2  conftest.c >&5
configure:8854: $? = 0
configure:8854: result: yes
configure:8854: checking for strings.h
configure:8854: gcc -c -g -O2  conftest.c >&5
configure:8854: $? = 0
configure:8854: result: yes
configure:8854: checking for inttypes.h
configure:8854: gcc -c -g -O2  conftest.c >&5
configure:8854: $? = 0
configure:8854: result: yes
configure:8854: checking for stdint.h
configure:8854: gcc -c -g -O2  conftest.c >&5
configure:8854: $? = 0
configure:8854: result: yes
configure:8854: checking for unistd.h
configure:8854: gcc -c -g -O2  conftest.c >&5
configure:8854: $? = 0
configure:8854: result: yes
configure:8868: checking for dlfcn.h
configure:8868: gcc -c -g -O2  conftest.c >&5
configure:8868: $? = 0
configure:8868: result: yes
configure:9085: checking for objdir
configure:9100: result: .libs
configure:9371: checking if gcc supports -fno-rtti -fno-exceptions
configure:9389: gcc -c -g -O2  -fno-rtti -fno-exceptions conftest.c >&5
cc1: warning: command line option '-fno-rtti' is valid for C++/ObjC++ but not for C
configure:9393: $? = 0
configure:9406: result: no
configure:9733: checking for gcc option to produce PIC
configure:9740: result: -fPIC -DPIC
configure:9748: checking if gcc PIC flag -fPIC -DPIC works
configure:9766: gcc -c -g -O2  -fPIC -DPIC -DPIC conftest.c >&5
configure:9770: $? = 0
configure:9783: result: yes
configure:9812: checking if gcc static flag -static works
configure:9840: result: yes
configure:9855: checking if gcc supports -c -o file.o
configure:9876: gcc -c -g -O2  -o out/conftest2.o conftest.c >&5
configure:9880: $? = 0
configure:9902: result: yes
configure:9910: checking if gcc supports -c -o file.o
configure:9957: result: yes
configure:9990: checking whether the gcc linker (/usr/bin/ld) supports shared libraries
configure:11147: result: yes
configure:11184: checking whether -lc should be explicitly linked in
configure:11192: gcc -c -g -O2  conftest.c >&5
configure:11195: $? = 0
configure:11210: gcc -shared  -fPIC -DPIC conftest.o  -v -Wl,-soname -Wl,conftest -o conftest 2\>\&1 \| /bin/grep  -lc  \>/dev/null 2\>\&1
configure:11213: $? = 0
configure:11227: result: no
configure:11387: checking dynamic linker characteristics
configure:11887: gcc -o conftest -g -O2   -Wl,-rpath -Wl,/foo conftest.c  >&5
configure:11887: $? = 0
configure:12121: result: GNU/Linux ld.so
configure:12228: checking how to hardcode library paths into programs
configure:12253: result: immediate
configure:12793: checking whether stripping libraries is possible
configure:12798: result: yes
configure:12833: checking if libtool supports shared libraries
configure:12835: result: yes
configure:12838: checking whether to build shared libraries
configure:12859: result: yes
configure:12862: checking whether to build static libraries
configure:12866: result: yes
configure:12889: checking how to run the C++ preprocessor
configure:12916: g++ -E  conftest.cpp
configure:12916: $? = 0
configure:12930: g++ -E  conftest.cpp
conftest.cpp:23:28: fatal error: ac_nonexistent.h: No such file or directory
 #include <ac_nonexistent.h>
                            ^
compilation terminated.
configure:12930: $? = 1
configure: failed program was:
| /* confdefs.h */
| #define PACKAGE_NAME "pocl"
| #define PACKAGE_TARNAME "pocl"
| #define PACKAGE_VERSION "0.11"
| #define PACKAGE_STRING "pocl 0.11"
| #define PACKAGE_BUGREPORT "pocl-devel@lists.sourceforge.net"
| #define PACKAGE_URL ""
| #define PACKAGE "pocl"
| #define VERSION "0.11"
| #define STDC_HEADERS 1
| #define HAVE_SYS_TYPES_H 1
| #define HAVE_SYS_STAT_H 1
| #define HAVE_STDLIB_H 1
| #define HAVE_STRING_H 1
| #define HAVE_MEMORY_H 1
| #define HAVE_STRINGS_H 1
| #define HAVE_INTTYPES_H 1
| #define HAVE_STDINT_H 1
| #define HAVE_UNISTD_H 1
| #define HAVE_DLFCN_H 1
| #define LT_OBJDIR ".libs/"
| /* end confdefs.h.  */
| #include <ac_nonexistent.h>
configure:12955: result: g++ -E
configure:12975: g++ -E  conftest.cpp
configure:12975: $? = 0
configure:12989: g++ -E  conftest.cpp
conftest.cpp:23:28: fatal error: ac_nonexistent.h: No such file or directory
 #include <ac_nonexistent.h>
                            ^
compilation terminated.
configure:12989: $? = 1
configure: failed program was:
| /* confdefs.h */
| #define PACKAGE_NAME "pocl"
| #define PACKAGE_TARNAME "pocl"
| #define PACKAGE_VERSION "0.11"
| #define PACKAGE_STRING "pocl 0.11"
| #define PACKAGE_BUGREPORT "pocl-devel@lists.sourceforge.net"
| #define PACKAGE_URL ""
| #define PACKAGE "pocl"
| #define VERSION "0.11"
| #define STDC_HEADERS 1
| #define HAVE_SYS_TYPES_H 1
| #define HAVE_SYS_STAT_H 1
| #define HAVE_STDLIB_H 1
| #define HAVE_STRING_H 1
| #define HAVE_MEMORY_H 1
| #define HAVE_STRINGS_H 1
| #define HAVE_INTTYPES_H 1
| #define HAVE_STDINT_H 1
| #define HAVE_UNISTD_H 1
| #define HAVE_DLFCN_H 1
| #define LT_OBJDIR ".libs/"
| /* end confdefs.h.  */
| #include <ac_nonexistent.h>
configure:13158: checking for ld used by g++
configure:13225: result: /usr/bin/ld
configure:13232: checking if the linker (/usr/bin/ld) is GNU ld
configure:13247: result: yes
configure:13302: checking whether the g++ linker (/usr/bin/ld) supports shared libraries
configure:14304: result: yes
configure:14340: g++ -c -g -O2  conftest.cpp >&5
configure:14343: $? = 0
configure:14863: checking for g++ option to produce PIC
configure:14870: result: -fPIC -DPIC
configure:14878: checking if g++ PIC flag -fPIC -DPIC works
configure:14896: g++ -c -g -O2  -fPIC -DPIC -DPIC conftest.cpp >&5
configure:14900: $? = 0
configure:14913: result: yes
configure:14936: checking if g++ static flag -static works
configure:14964: result: yes
configure:14976: checking if g++ supports -c -o file.o
configure:14997: g++ -c -g -O2  -o out/conftest2.o conftest.cpp >&5
configure:15001: $? = 0
configure:15023: result: yes
configure:15028: checking if g++ supports -c -o file.o
configure:15075: result: yes
configure:15105: checking whether the g++ linker (/usr/bin/ld) supports shared libraries
configure:15144: result: yes
configure:15285: checking dynamic linker characteristics
configure:15953: result: GNU/Linux ld.so
configure:16006: checking how to hardcode library paths into programs
configure:16031: result: immediate
configure:16104: checking for llvm-config
configure:16122: found /usr/local/llvm-3.5.0/bin//llvm-config
configure:16134: result: /usr/local/llvm-3.5.0/bin//llvm-config
configure:17257: internal tests are enabled
configure:17265: tests from OpenCL book are disabled
configure:17273: tests from ViennaCL are disabled
configure:17281: tests from Rodinia are disabled
configure:17289: tests from Parboil are disabled
configure:17297: tests from AMD APP SDK are disabled
configure:17305: tests from AMD APP SDK 2.9 are disabled
configure:17313: tests from VexCL are disabled
configure:17321: tests from piglit are disabled
configure:17329: tests from Halide are disabled
configure:17337: tests from CloverLeaf are disabled
configure:17518: checking for the pthreads library -lpthreads
configure:17551: gcc -o conftest -g -O2    conftest.c -lpthreads  >&5
/usr/bin/ld: cannot find -lpthreads
collect2: error: ld returned 1 exit status
configure:17551: $? = 1
configure: failed program was:
| /* confdefs.h */
| #define PACKAGE_NAME "pocl"
| #define PACKAGE_TARNAME "pocl"
| #define PACKAGE_VERSION "0.11"
| #define PACKAGE_STRING "pocl 0.11"
| #define PACKAGE_BUGREPORT "pocl-devel@lists.sourceforge.net"
| #define PACKAGE_URL ""
| #define PACKAGE "pocl"
| #define VERSION "0.11"
| #define STDC_HEADERS 1
| #define HAVE_SYS_TYPES_H 1
| #define HAVE_SYS_STAT_H 1
| #define HAVE_STDLIB_H 1
| #define HAVE_STRING_H 1
| #define HAVE_MEMORY_H 1
| #define HAVE_STRINGS_H 1
| #define HAVE_INTTYPES_H 1
| #define HAVE_STDINT_H 1
| #define HAVE_UNISTD_H 1
| #define HAVE_DLFCN_H 1
| #define LT_OBJDIR ".libs/"
| #define LLVM_VERSION "3.5.0"
| #define LLVM_3_5 /**/
| /* end confdefs.h.  */
| #include <pthread.h>
| int
| main ()
| {
| pthread_t th; pthread_join(th, 0);
|                      pthread_attr_init(0); pthread_cleanup_push(0, 0);
|                      pthread_create(0,0,0,0); pthread_cleanup_pop(0);
|   ;
|   return 0;
| }
configure:17560: result: no
configure:17463: checking whether pthreads work without any flags
configure:17551: gcc -o conftest -g -O2    conftest.c   >&5
/tmp/ccSeI5vF.o: In function `main':
/opt/Mohammad/pocl-zynq/pocl-0.11/conftest.c:29: undefined reference to `pthread_join'
/opt/Mohammad/pocl-zynq/pocl-0.11/conftest.c:30: undefined reference to `__pthread_register_cancel'
/opt/Mohammad/pocl-zynq/pocl-0.11/conftest.c:31: undefined reference to `pthread_create'
/opt/Mohammad/pocl-zynq/pocl-0.11/conftest.c:31: undefined reference to `__pthread_unregister_cancel'
collect2: error: ld returned 1 exit status
configure:17551: $? = 1
configure: failed program was:
| /* confdefs.h */
| #define PACKAGE_NAME "pocl"
| #define PACKAGE_TARNAME "pocl"
| #define PACKAGE_VERSION "0.11"
| #define PACKAGE_STRING "pocl 0.11"
| #define PACKAGE_BUGREPORT "pocl-devel@lists.sourceforge.net"
| #define PACKAGE_URL ""
| #define PACKAGE "pocl"
| #define VERSION "0.11"
| #define STDC_HEADERS 1
| #define HAVE_SYS_TYPES_H 1
| #define HAVE_SYS_STAT_H 1
| #define HAVE_STDLIB_H 1
| #define HAVE_STRING_H 1
| #define HAVE_MEMORY_H 1
| #define HAVE_STRINGS_H 1
| #define HAVE_INTTYPES_H 1
| #define HAVE_STDINT_H 1
| #define HAVE_UNISTD_H 1
| #define HAVE_DLFCN_H 1
| #define LT_OBJDIR ".libs/"
| #define LLVM_VERSION "3.5.0"
| #define LLVM_3_5 /**/
| /* end confdefs.h.  */
| #include <pthread.h>
| int
| main ()
| {
| pthread_t th; pthread_join(th, 0);
|                      pthread_attr_init(0); pthread_cleanup_push(0, 0);
|                      pthread_create(0,0,0,0); pthread_cleanup_pop(0);
|   ;
|   return 0;
| }
configure:17560: result: no
configure:17468: checking whether pthreads work with -Kthread
configure:17551: gcc -o conftest -g -O2 -Kthread   conftest.c   >&5
gcc: error: unrecognized command line option '-Kthread'
configure:17551: $? = 1
configure: failed program was:
| /* confdefs.h */
| #define PACKAGE_NAME "pocl"
| #define PACKAGE_TARNAME "pocl"
| #define PACKAGE_VERSION "0.11"
| #define PACKAGE_STRING "pocl 0.11"
| #define PACKAGE_BUGREPORT "pocl-devel@lists.sourceforge.net"
| #define PACKAGE_URL ""
| #define PACKAGE "pocl"
| #define VERSION "0.11"
| #define STDC_HEADERS 1
| #define HAVE_SYS_TYPES_H 1
| #define HAVE_SYS_STAT_H 1
| #define HAVE_STDLIB_H 1
| #define HAVE_STRING_H 1
| #define HAVE_MEMORY_H 1
| #define HAVE_STRINGS_H 1
| #define HAVE_INTTYPES_H 1
| #define HAVE_STDINT_H 1
| #define HAVE_UNISTD_H 1
| #define HAVE_DLFCN_H 1
| #define LT_OBJDIR ".libs/"
| #define LLVM_VERSION "3.5.0"
| #define LLVM_3_5 /**/
| /* end confdefs.h.  */
| #include <pthread.h>
| int
| main ()
| {
| pthread_t th; pthread_join(th, 0);
|                      pthread_attr_init(0); pthread_cleanup_push(0, 0);
|                      pthread_create(0,0,0,0); pthread_cleanup_pop(0);
|   ;
|   return 0;
| }
configure:17560: result: no
configure:17468: checking whether pthreads work with -kthread
configure:17551: gcc -o conftest -g -O2 -kthread   conftest.c   >&5
gcc: error: unrecognized command line option '-kthread'
configure:17551: $? = 1
configure: failed program was:
| /* confdefs.h */
| #define PACKAGE_NAME "pocl"
| #define PACKAGE_TARNAME "pocl"
| #define PACKAGE_VERSION "0.11"
| #define PACKAGE_STRING "pocl 0.11"
| #define PACKAGE_BUGREPORT "pocl-devel@lists.sourceforge.net"
| #define PACKAGE_URL ""
| #define PACKAGE "pocl"
| #define VERSION "0.11"
| #define STDC_HEADERS 1
| #define HAVE_SYS_TYPES_H 1
| #define HAVE_SYS_STAT_H 1
| #define HAVE_STDLIB_H 1
| #define HAVE_STRING_H 1
| #define HAVE_MEMORY_H 1
| #define HAVE_STRINGS_H 1
| #define HAVE_INTTYPES_H 1
| #define HAVE_STDINT_H 1
| #define HAVE_UNISTD_H 1
| #define HAVE_DLFCN_H 1
| #define LT_OBJDIR ".libs/"
| #define LLVM_VERSION "3.5.0"
| #define LLVM_3_5 /**/
| /* end confdefs.h.  */
| #include <pthread.h>
| int
| main ()
| {
| pthread_t th; pthread_join(th, 0);
|                      pthread_attr_init(0); pthread_cleanup_push(0, 0);
|                      pthread_create(0,0,0,0); pthread_cleanup_pop(0);
|   ;
|   return 0;
| }
configure:17560: result: no
configure:17518: checking for the pthreads library -llthread
configure:17551: gcc -o conftest -g -O2    conftest.c -llthread  >&5
/usr/bin/ld: cannot find -llthread
collect2: error: ld returned 1 exit status
configure:17551: $? = 1
configure: failed program was:
| /* confdefs.h */
| #define PACKAGE_NAME "pocl"
| #define PACKAGE_TARNAME "pocl"
| #define PACKAGE_VERSION "0.11"
| #define PACKAGE_STRING "pocl 0.11"
| #define PACKAGE_BUGREPORT "pocl-devel@lists.sourceforge.net"
| #define PACKAGE_URL ""
| #define PACKAGE "pocl"
| #define VERSION "0.11"
| #define STDC_HEADERS 1
| #define HAVE_SYS_TYPES_H 1
| #define HAVE_SYS_STAT_H 1
| #define HAVE_STDLIB_H 1
| #define HAVE_STRING_H 1
| #define HAVE_MEMORY_H 1
| #define HAVE_STRINGS_H 1
| #define HAVE_INTTYPES_H 1
| #define HAVE_STDINT_H 1
| #define HAVE_UNISTD_H 1
| #define HAVE_DLFCN_H 1
| #define LT_OBJDIR ".libs/"
| #define LLVM_VERSION "3.5.0"
| #define LLVM_3_5 /**/
| /* end confdefs.h.  */
| #include <pthread.h>
| int
| main ()
| {
| pthread_t th; pthread_join(th, 0);
|                      pthread_attr_init(0); pthread_cleanup_push(0, 0);
|                      pthread_create(0,0,0,0); pthread_cleanup_pop(0);
|   ;
|   return 0;
| }
configure:17560: result: no
configure:17468: checking whether pthreads work with -pthread
configure:17551: gcc -o conftest -g -O2 -pthread   conftest.c   >&5
configure:17551: $? = 0
configure:17560: result: yes
configure:17579: checking for joinable pthread attribute
configure:17594: gcc -o conftest -g -O2 -pthread   conftest.c   >&5
configure:17594: $? = 0
configure:17600: result: PTHREAD_CREATE_JOINABLE
configure:17610: checking if more special flags are required for pthreads
configure:17617: result: no
configure:17723: checking for OCL_ICD
configure:17728: $PKG_CONFIG --exists --print-errors "ocl-icd >= 1.3"
configure:17731: $? = 0
configure:17741: $PKG_CONFIG --exists --print-errors "ocl-icd >= 1.3"
configure:17744: $? = 0
configure:17776: checking for clGetPlatformIDs in -lOpenCL
configure:17801: gcc -o conftest -g -O2   conftest.c -lOpenCL   >&5
configure:17801: $? = 0
configure:17810: result: yes
configure:17836: WARNING: enabling ICD, but the testsuite might not work! (ocl-icd not available)
configure:17875: enabling direct linkage in pocl library
configure:17917: tests will be run through the ICD
configure:17930: checking for OPENCL
configure:17935: $PKG_CONFIG --exists --print-errors "OpenCL >= 1.2"
configure:17938: $? = 0
configure:17948: $PKG_CONFIG --exists --print-errors "OpenCL >= 1.2"
configure:17951: $? = 0
configure:17974: WARNING: Tests through ICD loader enabled, but OpenCL.pc file installed by ocl-icd seems missing
configure:18027: checking CL/opencl.h usability
configure:18027: gcc -c -g -O2  conftest.c >&5
configure:18027: $? = 0
configure:18027: result: yes
configure:18027: checking CL/opencl.h presence
configure:18027: gcc -E  conftest.c
configure:18027: $? = 0
configure:18027: result: yes
configure:18027: checking for CL/opencl.h
configure:18027: result: yes
configure:18057: checking GL/gl.h usability
configure:18057: gcc -c -g -O2  conftest.c >&5
configure:18057: $? = 0
configure:18057: result: yes
configure:18057: checking GL/gl.h presence
configure:18057: gcc -E  conftest.c
configure:18057: $? = 0
configure:18057: result: yes
configure:18057: checking for GL/gl.h
configure:18057: result: yes
configure:18087: checking for library containing lt_dlsym
configure:18118: gcc -o conftest -g -O2   conftest.c  >&5
/tmp/ccUvNolp.o: In function `main':
/opt/Mohammad/pocl-zynq/pocl-0.11/conftest.c:41: undefined reference to `lt_dlsym'
collect2: error: ld returned 1 exit status
configure:18118: $? = 1
configure: failed program was:
| /* confdefs.h */
| #define PACKAGE_NAME "pocl"
| #define PACKAGE_TARNAME "pocl"
| #define PACKAGE_VERSION "0.11"
| #define PACKAGE_STRING "pocl 0.11"
| #define PACKAGE_BUGREPORT "pocl-devel@lists.sourceforge.net"
| #define PACKAGE_URL ""
| #define PACKAGE "pocl"
| #define VERSION "0.11"
| #define STDC_HEADERS 1
| #define HAVE_SYS_TYPES_H 1
| #define HAVE_SYS_STAT_H 1
| #define HAVE_STDLIB_H 1
| #define HAVE_STRING_H 1
| #define HAVE_MEMORY_H 1
| #define HAVE_STRINGS_H 1
| #define HAVE_INTTYPES_H 1
| #define HAVE_STDINT_H 1
| #define HAVE_UNISTD_H 1
| #define HAVE_DLFCN_H 1
| #define LT_OBJDIR ".libs/"
| #define LLVM_VERSION "3.5.0"
| #define LLVM_3_5 /**/
| #define HAVE_PTHREAD 1
| #define BUILD_ICD /**/
| #define DIRECT_LINKAGE /**/
| #define HAVE_GL_GL_H 1
| #define HAVE_OPENCL_HPP  
| /* end confdefs.h.  */
| 
| /* Override any GCC internal prototype to avoid an error.
|    Use char because int might match the return type of a GCC
|    builtin and then its argument prototype would still apply.  */
| #ifdef __cplusplus
| extern "C"
| #endif
| char lt_dlsym ();
| int
| main ()
| {
| return lt_dlsym ();
|   ;
|   return 0;
| }
configure:18118: gcc -o conftest -g -O2   conftest.c -lltdl   >&5
configure:18118: $? = 0
configure:18135: result: -lltdl
configure:18153: Starting OpenCL runtime build system checks
configure:18180: checking for clock_gettime availability
configure:18194: gcc -c -g -O2  conftest.c >&5
configure:18194: $? = 0
configure:18195: result: yes
configure:18260: checking for GLEW
configure:18265: $PKG_CONFIG --exists --print-errors "glew"
Package glew was not found in the pkg-config search path.
Perhaps you should add the directory containing `glew.pc'
to the PKG_CONFIG_PATH environment variable
No package 'glew' found
configure:18268: $? = 1
configure:18278: $PKG_CONFIG --exists --print-errors "glew"
Package glew was not found in the pkg-config search path.
Perhaps you should add the directory containing `glew.pc'
to the PKG_CONFIG_PATH environment variable
No package 'glew' found
configure:18281: $? = 1
configure:18298: libGLEW not found. A few tests will not work
configure:18321: checking for clang
configure:18340: found /usr/local/llvm-3.5.0/bin/clang
configure:18352: result: /usr/local/llvm-3.5.0/bin/clang
configure:18390: checking Clang option to specify the target
configure:18399: result: --target=TARGET
configure:18410: checking for clang++
configure:18429: found /usr/local/llvm-3.5.0/bin/clang++
configure:18441: result: /usr/local/llvm-3.5.0/bin/clang++
configure:18484: checking whether clang++ works
configure:18499: /usr/local/llvm-3.5.0/bin/clang++ -c --target=armv7l-unknown-linux-gnueabihf   conftest.cpp >&5
configure:18499: $? = 0
configure:18500: result: yes
configure:18538: checking if LLVM is built with assertions
configure:18556: /usr/local/llvm-3.5.0/bin/clang++ -o conftest --target=armv7l-unknown-linux-gnueabihf  -I/usr/local/llvm-3.5.0/include  -D_DEBUG -D_GNU_SOURCE -D__STDC_CONSTANT_MACROS -D__STDC_FORMAT_MACROS -D__STDC_LIMIT_MACROS -O3 -fomit-frame-pointer -std=c++11 -fvisibility-inlines-hidden -fno-exceptions -fPIC -Woverloaded-virtual -ffunction-sections -fdata-sections -Wcast-qual -UNDEBUG   -L/usr/local/llvm-3.5.0/lib  -lz -lpthread -lrt -ldl -lm  conftest.cpp  -lLLVMLTO -lLLVMObjCARCOpts -lLLVMLinker -lLLVMipo -lLLVMVectorize -lLLVMBitWriter -lLLVMIRReader -lLLVMAsmParser -lLLVMR600CodeGen -lLLVMR600Desc -lLLVMR600Info -lLLVMR600AsmPrinter -lLLVMSystemZDisassembler -lLLVMSystemZCodeGen -lLLVMSystemZAsmParser -lLLVMSystemZDesc -lLLVMSystemZInfo -lLLVMSystemZAsmPrinter -lLLVMHexagonCodeGen -lLLVMHexagonAsmPrinter -lLLVMHexagonDesc -lLLVMHexagonInfo -lLLVMNVPTXCodeGen -lLLVMNVPTXDesc -lLLVMNVPTXInfo -lLLVMNVPTXAsmPrinter -lLLVMCppBackendCodeGen -lLLVMCppBackendInfo -lLLVMMSP430CodeGen -lLLVMMSP430Desc -lLLVMMSP430Info -lLLVMMSP430AsmPrinter -lLLVMXCoreDisassembler -lLLVMXCoreCodeGen -lLLVMXCoreDesc -lLLVMXCoreInfo -lLLVMXCoreAsmPrinter -lLLVMMipsDisassembler -lLLVMMipsCodeGen -lLLVMMipsAsmParser -lLLVMMipsDesc -lLLVMMipsInfo -lLLVMMipsAsmPrinter -lLLVMAArch64Disassembler -lLLVMAArch64CodeGen -lLLVMAArch64AsmParser -lLLVMAArch64Desc -lLLVMAArch64Info -lLLVMAArch64AsmPrinter -lLLVMAArch64Utils -lLLVMPowerPCDisassembler -lLLVMPowerPCCodeGen -lLLVMPowerPCAsmParser -lLLVMPowerPCDesc -lLLVMPowerPCInfo -lLLVMPowerPCAsmPrinter -lLLVMSparcDisassembler -lLLVMSparcCodeGen -lLLVMSparcAsmParser -lLLVMSparcDesc -lLLVMSparcInfo -lLLVMSparcAsmPrinter -lLLVMX86Disassembler -lLLVMX86CodeGen -lLLVMX86AsmParser -lLLVMX86Desc -lLLVMX86Info -lLLVMX86AsmPrinter -lLLVMX86Utils -lLLVMTableGen -lLLVMDebugInfo -lLLVMOption -lLLVMARMDisassembler -lLLVMARMCodeGen -lLLVMSelectionDAG -lLLVMAsmPrinter -lLLVMARMAsmParser -lLLVMARMDesc -lLLVMARMInfo -lLLVMARMAsmPrinter -lLLVMJIT -lLLVMLineEditor -lLLVMMCAnalysis -lLLVMMCDisassembler -lLLVMInstrumentation -lLLVMInterpreter -lLLVMCodeGen -lLLVMScalarOpts -lLLVMInstCombine -lLLVMTransformUtils -lLLVMipa -lLLVMAnalysis -lLLVMProfileData -lLLVMMCJIT -lLLVMTarget -lLLVMRuntimeDyld -lLLVMObject -lLLVMMCParser -lLLVMBitReader -lLLVMExecutionEngine -lLLVMMC -lLLVMCore -lLLVMSupport >&5
configure:18556: $? = 0
configure:18558: result: yes
configure:18638: checking for opt
configure:18657: found /usr/local/llvm-3.5.0/bin/opt
configure:18669: result: /usr/local/llvm-3.5.0/bin/opt
configure:18695: checking for opt
configure:18714: found /usr/local/llvm-3.5.0/bin/opt
configure:18726: result: /usr/local/llvm-3.5.0/bin/opt
configure:18752: checking for llc
configure:18771: found /usr/local/llvm-3.5.0/bin/llc
configure:18783: result: /usr/local/llvm-3.5.0/bin/llc
configure:18809: checking for llvm-as
configure:18828: found /usr/local/llvm-3.5.0/bin/llvm-as
configure:18840: result: /usr/local/llvm-3.5.0/bin/llvm-as
configure:18866: checking for llvm-link
configure:18885: found /usr/local/llvm-3.5.0/bin/llvm-link
configure:18897: result: /usr/local/llvm-3.5.0/bin/llvm-link
configure:18929: checking Linker option to build a shared library
configure:18936: result: -shared
configure:18960: checking LLC target triple (for host armv7l-unknown-linux-gnueabihf)
configure:18963: result: armv7-unknown-linux-gnueabihf
configure:18966: checking LLC host CPU
configure:18972: result: cortex-a9
configure:19008: using the ARM optimized kernel lib for the native device
configure:19272: checking for tce-config
configure:19305: result: no
configure:19404: TCE installation not found. The ttasim device will not be built.
configure:19463: checking for Android
configure:19477: g++ -c -g -O2  conftest.cpp >&5
conftest.cpp:54:26: fatal error: android/log.h: No such file or directory
  #include <android/log.h>
                          ^
compilation terminated.
configure:19477: $? = 1
configure: failed program was:
| /* confdefs.h */
| #define PACKAGE_NAME "pocl"
| #define PACKAGE_TARNAME "pocl"
| #define PACKAGE_VERSION "0.11"
| #define PACKAGE_STRING "pocl 0.11"
| #define PACKAGE_BUGREPORT "pocl-devel@lists.sourceforge.net"
| #define PACKAGE_URL ""
| #define PACKAGE "pocl"
| #define VERSION "0.11"
| #define STDC_HEADERS 1
| #define HAVE_SYS_TYPES_H 1
| #define HAVE_SYS_STAT_H 1
| #define HAVE_STDLIB_H 1
| #define HAVE_STRING_H 1
| #define HAVE_MEMORY_H 1
| #define HAVE_STRINGS_H 1
| #define HAVE_INTTYPES_H 1
| #define HAVE_STDINT_H 1
| #define HAVE_UNISTD_H 1
| #define HAVE_DLFCN_H 1
| #define LT_OBJDIR ".libs/"
| #define LLVM_VERSION "3.5.0"
| #define LLVM_3_5 /**/
| #define HAVE_PTHREAD 1
| #define BUILD_ICD /**/
| #define DIRECT_LINKAGE /**/
| #define HAVE_GL_GL_H 1
| #define HAVE_OPENCL_HPP  
| #define HAVE_CLOCK_GETTIME 1
| #define POCL_DEBUG_MESSAGES 1
| #define POCL_BUILD_KERNEL_CACHE 1
| #define CLANGXX "/usr/local/llvm-3.5.0/bin/clang++"
| #define CLANGXX_FLAGS "--target=armv7l-unknown-linux-gnueabihf "
| #define CLANG "/usr/local/llvm-3.5.0/bin/clang"
| #define CLFLAGS " -D__OPENCL_VERSION__=120"
| #define FORCED_CLFLAGS "-Xclang -ffake-address-space-map -fno-math-errno -fblocks -fno-builtin -fasm -Wno-format"
| #define LLC "/usr/local/llvm-3.5.0/bin/llc"
| #define KERNEL_DIR "host"
| #define TARGET "armv7l-unknown-linux-gnueabihf"
| #define TARGET_CLANG_FLAGS ""
| #define TARGET_LLC_FLAGS ""
| #define HOST "armv7l-unknown-linux-gnueabihf"
| #define HOST_CPU "armv7l"
| #define OCL_KERNEL_TARGET "armv7-unknown-linux-gnueabihf"
| #define OCL_KERNEL_TARGET_CPU "cortex-a9"
| #define OCL_KERNEL_ARCH ""
| #define HOST_CLANG_FLAGS " -mfloat-abi=hard --target=armv7-unknown-linux-gnueabihf -mcpu=cortex-a9"
| #define HOST_LLC_FLAGS "-relocation-model=pic -float-abi=hard -mtriple=armv7-unknown-linux-gnueabihf -mcpu=cortex-a9"
| #define HOST_AS_FLAGS " -mfloat-abi=hard"
| #define HOST_LD_FLAGS "-shared"
| #define POCL_DEVICE_ADDRESS_BITS 32
| #define USE_VECMATHLIB /**/
| /* end confdefs.h.  */
|  #include <android/log.h>
| 
| int
| main ()
| {
| 
|   ;
|   return 0;
| }
configure:19482: result: no
configure:19587: Building the following device drivers: zynq-basic basic pthreads
configure:19647: checking for posix_memalign
configure:19661: ./config/xclang -o conftest    conftest.c  >&5
conftest.c:60:35: warning: null passed to a callee which requires a non-null argument [-Wnonnull]
 int r = posix_memalign(NULL, 0, 0);
                        ~~~~      ^
1 warning generated.
configure:19661: $? = 0
configure:19662: result: yes
configure:19675: Checking target compiler characteristics
configure:19682: checking size of long
configure:19687: ./config/xclang -o conftest -h armv7l-unknown-linux-gnueabihf   conftest.c  >&5
configure:19687: $? = 0
configure:19687: ./conftest
configure:19687: $? = 0
configure:19701: result: 4
configure:19717: checking size of __fp16
configure:19722: ./config/xclang -o conftest -h armv7l-unknown-linux-gnueabihf   conftest.c  >&5
configure:19722: $? = 0
configure:19722: ./conftest
configure:19722: $? = 0
configure:19736: result: 2
configure:19752: checking size of double
configure:19757: ./config/xclang -o conftest -h armv7l-unknown-linux-gnueabihf   conftest.c  >&5
configure:19757: $? = 0
configure:19757: ./conftest
configure:19757: $? = 0
configure:19771: result: 8
configure:19787: checking size of void *
configure:19792: ./config/xclang -o conftest -h armv7l-unknown-linux-gnueabihf   conftest.c  >&5
configure:19792: $? = 0
configure:19792: ./conftest
configure:19792: $? = 0
configure:19806: result: 4
configure:19825: Checking host compiler characteristics
configure:19832: checking size of long
configure:19837: ./config/xclang -o conftest -h armv7l-unknown-linux-gnueabihf   conftest.c  >&5
configure:19837: $? = 0
configure:19837: ./conftest
configure:19837: $? = 0
configure:19851: result: 4
configure:19867: checking size of __fp16
configure:19872: ./config/xclang -o conftest -h armv7l-unknown-linux-gnueabihf   conftest.c  >&5
configure:19872: $? = 0
configure:19872: ./conftest
configure:19872: $? = 0
configure:19886: result: 2
configure:19902: checking size of double
configure:19907: ./config/xclang -o conftest -h armv7l-unknown-linux-gnueabihf   conftest.c  >&5
configure:19907: $? = 0
configure:19907: ./conftest
configure:19907: $? = 0
configure:19921: result: 8
configure:19937: checking size of void *
configure:19942: ./config/xclang -o conftest -h armv7l-unknown-linux-gnueabihf   conftest.c  >&5
configure:19942: $? = 0
configure:19942: ./conftest
configure:19942: $? = 0
configure:19956: result: 4
configure:19971: checking alignment of float16
configure:19976: ./config/xclang -o conftest -h armv7l-unknown-linux-gnueabihf   conftest.c  >&5
configure:19976: $? = 0
configure:19976: ./conftest
configure:19976: $? = 0
configure:19995: result: 64
configure:20007: checking alignment of double16
configure:20012: ./config/xclang -o conftest -h armv7l-unknown-linux-gnueabihf   conftest.c  >&5
configure:20012: $? = 0
configure:20012: ./conftest
configure:20012: $? = 0
configure:20031: result: 128
configure:20062: checking whether __fp16 supports arithmetic operations
configure:20075: ./config/xclang -c -h armv7l-unknown-linux-gnueabihf  conftest.c >&5
conftest.c:68:8: error: function return value cannot have __fp16 type; did you forget * ?
__fp16 callfp16(__fp16 a) { return a * (__fp16)1.8; };
       ^
conftest.c:68:24: error: parameters cannot have __fp16 type; did you forget * ?
__fp16 callfp16(__fp16 a) { return a * (__fp16)1.8; };
                       ^
2 errors generated.
/usr/local/llvm-3.5.0/bin/llc: /tmp/xclang27126/xclang.bc: error: Could not open input file: No such file or directory
clang: error: no such file or directory: '/tmp/xclang27126/xclang.s'
clang: error: no input files
configure:20075: $? = 1
configure: failed program was:
| /* confdefs.h */
| #define PACKAGE_NAME "pocl"
| #define PACKAGE_TARNAME "pocl"
| #define PACKAGE_VERSION "0.11"
| #define PACKAGE_STRING "pocl 0.11"
| #define PACKAGE_BUGREPORT "pocl-devel@lists.sourceforge.net"
| #define PACKAGE_URL ""
| #define PACKAGE "pocl"
| #define VERSION "0.11"
| #define STDC_HEADERS 1
| #define HAVE_SYS_TYPES_H 1
| #define HAVE_SYS_STAT_H 1
| #define HAVE_STDLIB_H 1
| #define HAVE_STRING_H 1
| #define HAVE_MEMORY_H 1
| #define HAVE_STRINGS_H 1
| #define HAVE_INTTYPES_H 1
| #define HAVE_STDINT_H 1
| #define HAVE_UNISTD_H 1
| #define HAVE_DLFCN_H 1
| #define LT_OBJDIR ".libs/"
| #define LLVM_VERSION "3.5.0"
| #define LLVM_3_5 /**/
| #define HAVE_PTHREAD 1
| #define BUILD_ICD /**/
| #define DIRECT_LINKAGE /**/
| #define HAVE_GL_GL_H 1
| #define HAVE_OPENCL_HPP  
| #define HAVE_CLOCK_GETTIME 1
| #define POCL_DEBUG_MESSAGES 1
| #define POCL_BUILD_KERNEL_CACHE 1
| #define CLANGXX "/usr/local/llvm-3.5.0/bin/clang++"
| #define CLANGXX_FLAGS "--target=armv7l-unknown-linux-gnueabihf "
| #define CLANG "/usr/local/llvm-3.5.0/bin/clang"
| #define CLFLAGS " -D__OPENCL_VERSION__=120"
| #define FORCED_CLFLAGS "-Xclang -ffake-address-space-map -fno-math-errno -fblocks -fno-builtin -fasm -Wno-format"
| #define LLC "/usr/local/llvm-3.5.0/bin/llc"
| #define KERNEL_DIR "host"
| #define TARGET "armv7l-unknown-linux-gnueabihf"
| #define TARGET_CLANG_FLAGS ""
| #define TARGET_LLC_FLAGS ""
| #define HOST "armv7l-unknown-linux-gnueabihf"
| #define HOST_CPU "armv7l"
| #define OCL_KERNEL_TARGET "armv7-unknown-linux-gnueabihf"
| #define OCL_KERNEL_TARGET_CPU "cortex-a9"
| #define OCL_KERNEL_ARCH ""
| #define HOST_CLANG_FLAGS " -mfloat-abi=hard --target=armv7-unknown-linux-gnueabihf -mcpu=cortex-a9"
| #define HOST_LLC_FLAGS "-relocation-model=pic -float-abi=hard -mtriple=armv7-unknown-linux-gnueabihf -mcpu=cortex-a9"
| #define HOST_AS_FLAGS " -mfloat-abi=hard"
| #define HOST_LD_FLAGS "-shared"
| #define POCL_DEVICE_ADDRESS_BITS 32
| #define USE_VECMATHLIB /**/
| #define BUILDDIR "/opt/Mohammad/pocl-zynq/pocl-0.11"
| #define SRCDIR "/opt/Mohammad/pocl-zynq/pocl-0.11"
| #define HAVE_POSIX_MEMALIGN /**/
| #define SIZEOF_LONG 4
| #define SIZEOF___FP16 2
| #define SIZEOF_DOUBLE 8
| #define SIZEOF_VOID_P 4
| #define SIZEOF_LONG 4
| #define SIZEOF___FP16 2
| #define SIZEOF_DOUBLE 8
| #define SIZEOF_VOID_P 4
| #define ALIGNOF_FLOAT16 64
| #define ALIGNOF_DOUBLE16 128
| #define MAX_EXTENDED_ALIGNMENT ALIGNOF_DOUBLE16
| /* end confdefs.h.  */
| __fp16 callfp16(__fp16 a) { return a * (__fp16)1.8; };
| int
| main ()
| {
| __fp16 x=callfp16((__fp16)1.643);
|   ;
|   return 0;
| }
configure:20087: result: no
configure:20124: checking whether byte ordering is bigendian
configure:20139: gcc -c -g -O2  conftest.c >&5
conftest.c:71:9: error: unknown type name 'not'
         not a universal capable compiler
         ^
conftest.c:71:15: error: expected '=', ',', ';', 'asm' or '__attribute__' before 'universal'
         not a universal capable compiler
               ^
conftest.c:71:15: error: unknown type name 'universal'
configure:20139: $? = 1
configure: failed program was:
| /* confdefs.h */
| #define PACKAGE_NAME "pocl"
| #define PACKAGE_TARNAME "pocl"
| #define PACKAGE_VERSION "0.11"
| #define PACKAGE_STRING "pocl 0.11"
| #define PACKAGE_BUGREPORT "pocl-devel@lists.sourceforge.net"
| #define PACKAGE_URL ""
| #define PACKAGE "pocl"
| #define VERSION "0.11"
| #define STDC_HEADERS 1
| #define HAVE_SYS_TYPES_H 1
| #define HAVE_SYS_STAT_H 1
| #define HAVE_STDLIB_H 1
| #define HAVE_STRING_H 1
| #define HAVE_MEMORY_H 1
| #define HAVE_STRINGS_H 1
| #define HAVE_INTTYPES_H 1
| #define HAVE_STDINT_H 1
| #define HAVE_UNISTD_H 1
| #define HAVE_DLFCN_H 1
| #define LT_OBJDIR ".libs/"
| #define LLVM_VERSION "3.5.0"
| #define LLVM_3_5 /**/
| #define HAVE_PTHREAD 1
| #define BUILD_ICD /**/
| #define DIRECT_LINKAGE /**/
| #define HAVE_GL_GL_H 1
| #define HAVE_OPENCL_HPP  
| #define HAVE_CLOCK_GETTIME 1
| #define POCL_DEBUG_MESSAGES 1
| #define POCL_BUILD_KERNEL_CACHE 1
| #define CLANGXX "/usr/local/llvm-3.5.0/bin/clang++"
| #define CLANGXX_FLAGS "--target=armv7l-unknown-linux-gnueabihf "
| #define CLANG "/usr/local/llvm-3.5.0/bin/clang"
| #define CLFLAGS " -D__OPENCL_VERSION__=120"
| #define FORCED_CLFLAGS "-Xclang -ffake-address-space-map -fno-math-errno -fblocks -fno-builtin -fasm -Wno-format"
| #define LLC "/usr/local/llvm-3.5.0/bin/llc"
| #define KERNEL_DIR "host"
| #define TARGET "armv7l-unknown-linux-gnueabihf"
| #define TARGET_CLANG_FLAGS ""
| #define TARGET_LLC_FLAGS ""
| #define HOST "armv7l-unknown-linux-gnueabihf"
| #define HOST_CPU "armv7l"
| #define OCL_KERNEL_TARGET "armv7-unknown-linux-gnueabihf"
| #define OCL_KERNEL_TARGET_CPU "cortex-a9"
| #define OCL_KERNEL_ARCH ""
| #define HOST_CLANG_FLAGS " -mfloat-abi=hard --target=armv7-unknown-linux-gnueabihf -mcpu=cortex-a9"
| #define HOST_LLC_FLAGS "-relocation-model=pic -float-abi=hard -mtriple=armv7-unknown-linux-gnueabihf -mcpu=cortex-a9"
| #define HOST_AS_FLAGS " -mfloat-abi=hard"
| #define HOST_LD_FLAGS "-shared"
| #define POCL_DEVICE_ADDRESS_BITS 32
| #define USE_VECMATHLIB /**/
| #define BUILDDIR "/opt/Mohammad/pocl-zynq/pocl-0.11"
| #define SRCDIR "/opt/Mohammad/pocl-zynq/pocl-0.11"
| #define HAVE_POSIX_MEMALIGN /**/
| #define SIZEOF_LONG 4
| #define SIZEOF___FP16 2
| #define SIZEOF_DOUBLE 8
| #define SIZEOF_VOID_P 4
| #define SIZEOF_LONG 4
| #define SIZEOF___FP16 2
| #define SIZEOF_DOUBLE 8
| #define SIZEOF_VOID_P 4
| #define ALIGNOF_FLOAT16 64
| #define ALIGNOF_DOUBLE16 128
| #define MAX_EXTENDED_ALIGNMENT ALIGNOF_DOUBLE16
| #define HAVE_WORKING_HALF 0
| #define _CL_DISABLE_HALF /**/
| /* end confdefs.h.  */
| #ifndef __APPLE_CC__
| 	       not a universal capable compiler
| 	     #endif
| 	     typedef int dummy;
| 
configure:20184: gcc -c -g -O2  conftest.c >&5
configure:20184: $? = 0
configure:20202: gcc -c -g -O2  conftest.c >&5
conftest.c: In function 'main':
conftest.c:77:4: error: unknown type name 'not'
    not big endian
    ^
conftest.c:77:12: error: expected '=', ',', ';', 'asm' or '__attribute__' before 'endian'
    not big endian
            ^
configure:20202: $? = 1
configure: failed program was:
| /* confdefs.h */
| #define PACKAGE_NAME "pocl"
| #define PACKAGE_TARNAME "pocl"
| #define PACKAGE_VERSION "0.11"
| #define PACKAGE_STRING "pocl 0.11"
| #define PACKAGE_BUGREPORT "pocl-devel@lists.sourceforge.net"
| #define PACKAGE_URL ""
| #define PACKAGE "pocl"
| #define VERSION "0.11"
| #define STDC_HEADERS 1
| #define HAVE_SYS_TYPES_H 1
| #define HAVE_SYS_STAT_H 1
| #define HAVE_STDLIB_H 1
| #define HAVE_STRING_H 1
| #define HAVE_MEMORY_H 1
| #define HAVE_STRINGS_H 1
| #define HAVE_INTTYPES_H 1
| #define HAVE_STDINT_H 1
| #define HAVE_UNISTD_H 1
| #define HAVE_DLFCN_H 1
| #define LT_OBJDIR ".libs/"
| #define LLVM_VERSION "3.5.0"
| #define LLVM_3_5 /**/
| #define HAVE_PTHREAD 1
| #define BUILD_ICD /**/
| #define DIRECT_LINKAGE /**/
| #define HAVE_GL_GL_H 1
| #define HAVE_OPENCL_HPP  
| #define HAVE_CLOCK_GETTIME 1
| #define POCL_DEBUG_MESSAGES 1
| #define POCL_BUILD_KERNEL_CACHE 1
| #define CLANGXX "/usr/local/llvm-3.5.0/bin/clang++"
| #define CLANGXX_FLAGS "--target=armv7l-unknown-linux-gnueabihf "
| #define CLANG "/usr/local/llvm-3.5.0/bin/clang"
| #define CLFLAGS " -D__OPENCL_VERSION__=120"
| #define FORCED_CLFLAGS "-Xclang -ffake-address-space-map -fno-math-errno -fblocks -fno-builtin -fasm -Wno-format"
| #define LLC "/usr/local/llvm-3.5.0/bin/llc"
| #define KERNEL_DIR "host"
| #define TARGET "armv7l-unknown-linux-gnueabihf"
| #define TARGET_CLANG_FLAGS ""
| #define TARGET_LLC_FLAGS ""
| #define HOST "armv7l-unknown-linux-gnueabihf"
| #define HOST_CPU "armv7l"
| #define OCL_KERNEL_TARGET "armv7-unknown-linux-gnueabihf"
| #define OCL_KERNEL_TARGET_CPU "cortex-a9"
| #define OCL_KERNEL_ARCH ""
| #define HOST_CLANG_FLAGS " -mfloat-abi=hard --target=armv7-unknown-linux-gnueabihf -mcpu=cortex-a9"
| #define HOST_LLC_FLAGS "-relocation-model=pic -float-abi=hard -mtriple=armv7-unknown-linux-gnueabihf -mcpu=cortex-a9"
| #define HOST_AS_FLAGS " -mfloat-abi=hard"
| #define HOST_LD_FLAGS "-shared"
| #define POCL_DEVICE_ADDRESS_BITS 32
| #define USE_VECMATHLIB /**/
| #define BUILDDIR "/opt/Mohammad/pocl-zynq/pocl-0.11"
| #define SRCDIR "/opt/Mohammad/pocl-zynq/pocl-0.11"
| #define HAVE_POSIX_MEMALIGN /**/
| #define SIZEOF_LONG 4
| #define SIZEOF___FP16 2
| #define SIZEOF_DOUBLE 8
| #define SIZEOF_VOID_P 4
| #define SIZEOF_LONG 4
| #define SIZEOF___FP16 2
| #define SIZEOF_DOUBLE 8
| #define SIZEOF_VOID_P 4
| #define ALIGNOF_FLOAT16 64
| #define ALIGNOF_DOUBLE16 128
| #define MAX_EXTENDED_ALIGNMENT ALIGNOF_DOUBLE16
| #define HAVE_WORKING_HALF 0
| #define _CL_DISABLE_HALF /**/
| /* end confdefs.h.  */
| #include <sys/types.h>
| 		#include <sys/param.h>
| 
| int
| main ()
| {
| #if BYTE_ORDER != BIG_ENDIAN
| 		 not big endian
| 		#endif
| 
|   ;
|   return 0;
| }
configure:20330: result: no
configure:20514: checking that generated files are newer than configure
configure:20520: result: done
configure:20660: creating ./config.status

## ---------------------- ##
## Running config.status. ##
## ---------------------- ##

This file was extended by pocl config.status 0.11, which was
generated by GNU Autoconf 2.69.  Invocation command line was

  CONFIG_FILES    = 
  CONFIG_HEADERS  = 
  CONFIG_LINKS    = 
  CONFIG_COMMANDS = 
  $ ./config.status 

on linaro-ubuntu-desktop

config.status:1378: creating Makefile
config.status:1378: creating pocl.pc
config.status:1378: creating tests/atlocal
config.status:1378: creating ocl-vendors/pocl-tests.icd
config.status:1378: creating include/Makefile
config.status:1378: creating include/CL/Makefile
config.status:1378: creating include/OpenCL/Makefile
config.status:1378: creating lib/Makefile
config.status:1378: creating lib/CL/Makefile
config.status:1378: creating lib/CL/devices/Makefile
config.status:1378: creating lib/CL/devices/pthread/Makefile
config.status:1378: creating lib/CL/devices/basic/Makefile
config.status:1378: creating lib/CL/devices/zynq_basic/Makefile
config.status:1378: creating lib/CL/devices/tce/Makefile
config.status:1378: creating lib/CL/devices/tce/ttasim/Makefile
config.status:1378: creating lib/CL/devices/topology/Makefile
config.status:1378: creating lib/CL/devices/cellspu/Makefile
config.status:1378: creating lib/llvmopencl/Makefile
config.status:1378: creating lib/kernel/Makefile
config.status:1378: creating lib/kernel/cellspu/Makefile
config.status:1378: creating lib/kernel/host/Makefile
config.status:1378: creating lib/kernel/tce/Makefile
config.status:1378: creating lib/poclu/Makefile
config.status:1378: creating examples/Makefile
config.status:1378: creating examples/example1/Makefile
config.status:1378: creating examples/example1-spir64/Makefile
config.status:1378: creating examples/example1-spir32/Makefile
config.status:1378: creating examples/example2/Makefile
config.status:1378: creating examples/example2a/Makefile
config.status:1378: creating examples/standalone/Makefile
config.status:1378: creating examples/trig/Makefile
config.status:1378: creating examples/scalarwave/Makefile
config.status:1378: creating examples/opencl-book-samples/Makefile
config.status:1378: creating examples/Rodinia/Makefile
config.status:1378: creating examples/Parboil/Makefile
config.status:1378: creating examples/ViennaCL/Makefile
config.status:1378: creating examples/AMD/Makefile
config.status:1378: creating examples/AMDSDK2.9/Makefile
config.status:1378: creating examples/EinsteinToolkit/Makefile
config.status:1378: creating examples/VexCL/Makefile
config.status:1378: creating examples/piglit/Makefile
config.status:1378: creating examples/Halide/Makefile
config.status:1378: creating examples/CloverLeaf/Makefile
config.status:1378: creating scripts/Makefile
config.status:1378: creating tests/Makefile
config.status:1378: creating tests/kernel/Makefile
config.status:1378: creating tests/regression/Makefile
config.status:1378: creating tests/workgroup/Makefile
config.status:1378: creating tests/runtime/Makefile
config.status:1378: creating tests/tce/Makefile
config.status:1378: creating tests/tce/ttasim/Makefile
config.status:1378: creating tests/tce/tcemc/Makefile
config.status:1378: creating tests/tce/fp16/Makefile
config.status:1378: creating tests/cell/Makefile
config.status:1378: creating tests/cell/hello/Makefile
config.status:1378: creating config.h
config.status:1607: executing tests/atconfig commands
config.status:1607: executing depfiles commands
config.status:1607: executing libtool commands

## ---------------- ##
## Cache variables. ##
## ---------------- ##

ac_cv_alignof_double16=128
ac_cv_alignof_float16=64
ac_cv_build=armv7l-unknown-linux-gnueabihf
ac_cv_c_bigendian=no
ac_cv_c_compiler_gnu=yes
ac_cv_cxx_compiler_gnu=yes
ac_cv_env_CCC_set=
ac_cv_env_CCC_value=
ac_cv_env_CC_set=
ac_cv_env_CC_value=
ac_cv_env_CFLAGS_set=
ac_cv_env_CFLAGS_value=
ac_cv_env_CLANGXX_FLAGS_set=
ac_cv_env_CLANGXX_FLAGS_value=
ac_cv_env_CLANGXX_set=
ac_cv_env_CLANGXX_value=
ac_cv_env_CLANG_set=
ac_cv_env_CLANG_value=
ac_cv_env_CLFLAGS_set=
ac_cv_env_CLFLAGS_value=
ac_cv_env_CPPFLAGS_set=
ac_cv_env_CPPFLAGS_value=
ac_cv_env_CPP_set=
ac_cv_env_CPP_value=
ac_cv_env_CXXCPP_set=
ac_cv_env_CXXCPP_value=
ac_cv_env_CXXFLAGS_set=
ac_cv_env_CXXFLAGS_value=
ac_cv_env_CXX_set=
ac_cv_env_CXX_value=
ac_cv_env_GLEW_CFLAGS_set=
ac_cv_env_GLEW_CFLAGS_value=
ac_cv_env_GLEW_LIBS_set=
ac_cv_env_GLEW_LIBS_value=
ac_cv_env_HOST_AS_FLAGS_set=
ac_cv_env_HOST_AS_FLAGS_value=
ac_cv_env_HOST_CLANG_FLAGS_set=
ac_cv_env_HOST_CLANG_FLAGS_value=
ac_cv_env_HOST_LLC_FLAGS_set=
ac_cv_env_HOST_LLC_FLAGS_value=
ac_cv_env_HWLOC_CFLAGS_set=
ac_cv_env_HWLOC_CFLAGS_value=
ac_cv_env_HWLOC_LIBS_set=
ac_cv_env_HWLOC_LIBS_value=
ac_cv_env_LDFLAGS_set=
ac_cv_env_LDFLAGS_value=
ac_cv_env_LIBSPE_CFLAGS_set=
ac_cv_env_LIBSPE_CFLAGS_value=
ac_cv_env_LIBSPE_LIBS_set=
ac_cv_env_LIBSPE_LIBS_value=
ac_cv_env_LIBS_set=
ac_cv_env_LIBS_value=
ac_cv_env_LLC_set=
ac_cv_env_LLC_value=
ac_cv_env_LLVM_AS_set=
ac_cv_env_LLVM_AS_value=
ac_cv_env_LLVM_CONFIG_set=
ac_cv_env_LLVM_CONFIG_value=
ac_cv_env_LLVM_LINK_set=
ac_cv_env_LLVM_LINK_value=
ac_cv_env_LLVM_OPT_set=
ac_cv_env_LLVM_OPT_value=
ac_cv_env_OCL_ICD_CFLAGS_set=
ac_cv_env_OCL_ICD_CFLAGS_value=
ac_cv_env_OCL_ICD_LIBS_set=
ac_cv_env_OCL_ICD_LIBS_value=
ac_cv_env_OPENCL_CFLAGS_set=
ac_cv_env_OPENCL_CFLAGS_value=
ac_cv_env_OPENCL_LIBS_set=
ac_cv_env_OPENCL_LIBS_value=
ac_cv_env_OPT_set=
ac_cv_env_OPT_value=
ac_cv_env_PKG_CONFIG_set=
ac_cv_env_PKG_CONFIG_value=
ac_cv_env_SDL_CFLAGS_set=
ac_cv_env_SDL_CFLAGS_value=
ac_cv_env_SDL_LIBS_set=
ac_cv_env_SDL_LIBS_value=
ac_cv_env_TARGET_CLANG_FLAGS_set=
ac_cv_env_TARGET_CLANG_FLAGS_value=
ac_cv_env_build_alias_set=
ac_cv_env_build_alias_value=
ac_cv_env_host_alias_set=
ac_cv_env_host_alias_value=
ac_cv_env_target_alias_set=
ac_cv_env_target_alias_value=
ac_cv_header_CL_opencl_h=yes
ac_cv_header_GL_gl_h=yes
ac_cv_header_dlfcn_h=yes
ac_cv_header_inttypes_h=yes
ac_cv_header_memory_h=yes
ac_cv_header_stdc=yes
ac_cv_header_stdint_h=yes
ac_cv_header_stdlib_h=yes
ac_cv_header_string_h=yes
ac_cv_header_strings_h=yes
ac_cv_header_sys_stat_h=yes
ac_cv_header_sys_types_h=yes
ac_cv_header_unistd_h=yes
ac_cv_host=armv7l-unknown-linux-gnueabihf
ac_cv_lib_OpenCL_clGetPlatformIDs=yes
ac_cv_objext=o
ac_cv_path_CLANG=/usr/local/llvm-3.5.0/bin/clang
ac_cv_path_CLANGXX=/usr/local/llvm-3.5.0/bin/clang++
ac_cv_path_EGREP='/bin/grep -E'
ac_cv_path_FGREP='/bin/grep -F'
ac_cv_path_GREP=/bin/grep
ac_cv_path_LLC=/usr/local/llvm-3.5.0/bin/llc
ac_cv_path_LLVM_AS=/usr/local/llvm-3.5.0/bin/llvm-as
ac_cv_path_LLVM_CONFIG=/usr/local/llvm-3.5.0/bin//llvm-config
ac_cv_path_LLVM_LINK=/usr/local/llvm-3.5.0/bin/llvm-link
ac_cv_path_LLVM_OPT=/usr/local/llvm-3.5.0/bin/opt
ac_cv_path_OPT=/usr/local/llvm-3.5.0/bin/opt
ac_cv_path_SED=/bin/sed
ac_cv_path_ac_pt_PKG_CONFIG=/usr/local/bin/pkg-config
ac_cv_path_install='/usr/bin/install -c'
ac_cv_path_mkdir=/bin/mkdir
ac_cv_prog_AWK=gawk
ac_cv_prog_CPP='gcc -E'
ac_cv_prog_CXXCPP='g++ -E'
ac_cv_prog_ac_ct_AR=ar
ac_cv_prog_ac_ct_CC=gcc
ac_cv_prog_ac_ct_CXX=g++
ac_cv_prog_ac_ct_MANIFEST_TOOL=mt
ac_cv_prog_ac_ct_OBJDUMP=objdump
ac_cv_prog_ac_ct_RANLIB=ranlib
ac_cv_prog_ac_ct_STRIP=strip
ac_cv_prog_cc_c89=
ac_cv_prog_cc_g=yes
ac_cv_prog_cxx_g=yes
ac_cv_prog_make_make_set=yes
ac_cv_search_lt_dlsym=-lltdl
ac_cv_sizeof___fp16=2
ac_cv_sizeof_double=8
ac_cv_sizeof_long=4
ac_cv_sizeof_void_p=4
ac_cv_target=armv7l-unknown-linux-gnueabihf
am_cv_CC_dependencies_compiler_type=gcc3
am_cv_CXX_dependencies_compiler_type=gcc3
am_cv_ar_interface=ar
am_cv_make_support_nested_variables=yes
am_cv_prog_cc_c_o=yes
lt_cv_ar_at_file=@
lt_cv_archive_cmds_need_lc=no
lt_cv_deplibs_check_method=pass_all
lt_cv_file_magic_cmd='$MAGIC_CMD'
lt_cv_file_magic_test_file=
lt_cv_ld_reload_flag=-r
lt_cv_nm_interface='BSD nm'
lt_cv_objdir=.libs
lt_cv_path_LD=/usr/bin/ld
lt_cv_path_LDCXX=/usr/bin/ld
lt_cv_path_NM='/usr/bin/nm -B'
lt_cv_path_mainfest_tool=no
lt_cv_prog_compiler_c_o=yes
lt_cv_prog_compiler_c_o_CXX=yes
lt_cv_prog_compiler_pic='-fPIC -DPIC'
lt_cv_prog_compiler_pic_CXX='-fPIC -DPIC'
lt_cv_prog_compiler_pic_works=yes
lt_cv_prog_compiler_pic_works_CXX=yes
lt_cv_prog_compiler_rtti_exceptions=no
lt_cv_prog_compiler_static_works=yes
lt_cv_prog_compiler_static_works_CXX=yes
lt_cv_prog_gnu_ld=yes
lt_cv_prog_gnu_ldcxx=yes
lt_cv_sharedlib_from_linklib_cmd='printf %s\n'
lt_cv_shlibpath_overrides_runpath=no
lt_cv_sys_global_symbol_pipe='sed -n -e '\''s/^.*[	 ]\([ABCDGIRSTW][ABCDGIRSTW]*\)[	 ][	 ]*\([_A-Za-z][_A-Za-z0-9]*\)$/\1 \2 \2/p'\'' | sed '\''/ __gnu_lto/d'\'''
lt_cv_sys_global_symbol_to_c_name_address='sed -n -e '\''s/^: \([^ ]*\)[ ]*$/  {\"\1\", (void *) 0},/p'\'' -e '\''s/^[ABCDGIRSTW]* \([^ ]*\) \([^ ]*\)$/  {"\2", (void *) \&\2},/p'\'''
lt_cv_sys_global_symbol_to_c_name_address_lib_prefix='sed -n -e '\''s/^: \([^ ]*\)[ ]*$/  {\"\1\", (void *) 0},/p'\'' -e '\''s/^[ABCDGIRSTW]* \([^ ]*\) \(lib[^ ]*\)$/  {"\2", (void *) \&\2},/p'\'' -e '\''s/^[ABCDGIRSTW]* \([^ ]*\) \([^ ]*\)$/  {"lib\2", (void *) \&\2},/p'\'''
lt_cv_sys_global_symbol_to_cdecl='sed -n -e '\''s/^T .* \(.*\)$/extern int \1();/p'\'' -e '\''s/^[ABCDGIRSTW]* .* \(.*\)$/extern char \1;/p'\'''
lt_cv_sys_max_cmd_len=1572864
lt_cv_to_host_file_cmd=func_convert_file_noop
lt_cv_to_tool_file_cmd=func_convert_file_noop
pkg_cv_HWLOC_CFLAGS=' '
pkg_cv_HWLOC_LIBS='-L/usr/local/hwloc-1.0.3/lib -lhwloc  '
pkg_cv_OCL_ICD_CFLAGS='-I/usr/local/include  '
pkg_cv_OCL_ICD_LIBS='-L/usr/local/lib  '
pkg_cv_OPENCL_CFLAGS='-I/usr/local/include  '
pkg_cv_OPENCL_LIBS='-L/usr/local/lib -lOpenCL  '

## ----------------- ##
## Output variables. ##
## ----------------- ##

ACLOCAL='${SHELL} /opt/Mohammad/pocl-zynq/pocl-0.11/config/missing aclocal-1.14'
AMDEPBACKSLASH='\'
AMDEP_FALSE='#'
AMDEP_TRUE=''
AMTAR='$${TAR-tar}'
AM_BACKSLASH='\'
AM_DEFAULT_V='$(AM_DEFAULT_VERBOSITY)'
AM_DEFAULT_VERBOSITY='1'
AM_V='$(V)'
AR='ar'
AUTOCONF='${SHELL} /opt/Mohammad/pocl-zynq/pocl-0.11/config/missing autoconf'
AUTOHEADER='${SHELL} /opt/Mohammad/pocl-zynq/pocl-0.11/config/missing autoheader'
AUTOMAKE='${SHELL} /opt/Mohammad/pocl-zynq/pocl-0.11/config/missing automake-1.14'
AWK='gawk'
BOOST_CPPFLAGS=''
BOOST_LDFLAGS=''
BUILD_ICD_FALSE='#'
BUILD_ICD_TRUE=''
BUILD_SPU_FALSE=''
BUILD_SPU_TRUE='#'
BUILD_TIMESTAMP='201507212241460258120'
CC='gcc'
CCDEPMODE='depmode=gcc3'
CFLAGS='-g -O2'
CLANG='/usr/local/llvm-3.5.0/bin/clang'
CLANGXX='/usr/local/llvm-3.5.0/bin/clang++'
CLANGXX_AVAILABLE_FALSE='#'
CLANGXX_AVAILABLE_TRUE=''
CLANGXX_FLAGS='--target=armv7l-unknown-linux-gnueabihf  -DVML_NO_IOSTREAM'
CLFLAGS=' -D__OPENCL_VERSION__=120'
CPP='gcc -E'
CPPFLAGS=''
CXX='g++'
CXXCPP='g++ -E'
CXXDEPMODE='depmode=gcc3'
CXXFLAGS='-g -O2'
CYGPATH_W='echo'
DARWIN_HOST_OS_FALSE=''
DARWIN_HOST_OS_TRUE='#'
DEFS='-DHAVE_CONFIG_H'
DEPDIR='.deps'
DLLTOOL='false'
DSYMUTIL=''
DUMPBIN=''
ECHO_C=''
ECHO_N='-n'
ECHO_T=''
EGREP='/bin/grep -E'
EXEEXT=''
EXPORT_OPENCL_SYMBOLS_FALSE='#'
EXPORT_OPENCL_SYMBOLS_TRUE=''
FGREP='/bin/grep -F'
FORCED_CLFLAGS='-Xclang -ffake-address-space-map -fno-math-errno -fblocks -fno-builtin -fasm -Wno-format'
FREEBSD_HOST_OS_FALSE=''
FREEBSD_HOST_OS_TRUE='#'
GLEW_CFLAGS=''
GLEW_LIBS=''
GREP='/bin/grep'
HAVE_CLOCK_GETTIME_FALSE='#'
HAVE_CLOCK_GETTIME_TRUE=''
HAVE_OPENCL_HPP_FALSE='#'
HAVE_OPENCL_HPP_TRUE=''
HOST='armv7l-unknown-linux-gnueabihf'
HOST_AS_FLAGS=' -mfloat-abi=hard'
HOST_CLANG_FLAGS=' -mfloat-abi=hard --target=armv7-unknown-linux-gnueabihf -mcpu=cortex-a9 -D_CL_DISABLE_HALF'
HOST_CPU='armv7l'
HOST_LD_FLAGS='-shared'
HOST_LLC_FLAGS='-relocation-model=pic -float-abi=hard -mtriple=armv7-unknown-linux-gnueabihf -mcpu=cortex-a9'
HOST_SIZEOF_DOUBLE='8'
HOST_SIZEOF_HALF='2'
HOST_SIZEOF_LONG='4'
HOST_SIZEOF_VOID_P='4'
HWLOC_CFLAGS=' '
HWLOC_LIBS='-L/usr/local/hwloc-1.0.3/lib -lhwloc  '
ICD_LD_FLAGS=''
INSTALL_DATA='${INSTALL} -m 644'
INSTALL_OPENCL_HEADERS_FALSE=''
INSTALL_OPENCL_HEADERS_TRUE='#'
INSTALL_PROGRAM='${INSTALL}'
INSTALL_SCRIPT='${INSTALL}'
INSTALL_STRIP_PROGRAM='$(install_sh) -c -s'
KERNEL_COMPILER_LIB_VERSION='5:0:0'
LD='/usr/bin/ld'
LDFLAGS=''
LD_FLAGS_BIN=' '
LIBOBJS=''
LIBRARY_SUFFIX='.so'
LIBS=''
LIBSPE_CFLAGS=''
LIBSPE_LIBS=''
LIBTOOL='$(SHELL) $(top_builddir)/libtool'
LIB_AGE_VERSION='4'
LIB_CURRENT_VERSION='5'
LIB_FIRST_VERSION='1'
LIB_REVISION_VERSION='0'
LIB_VERSION='5:0:4'
LIPO=''
LLC='/usr/local/llvm-3.5.0/bin/llc'
LLVM_3_6_FALSE=''
LLVM_3_6_TRUE='#'
LLVM_AS='/usr/local/llvm-3.5.0/bin/llvm-as'
LLVM_CONFIG='/usr/local/llvm-3.5.0/bin//llvm-config'
LLVM_CXX_FLAGS='-I/usr/local/llvm-3.5.0/include  -D_DEBUG -D_GNU_SOURCE -D__STDC_CONSTANT_MACROS -D__STDC_FORMAT_MACROS -D__STDC_LIMIT_MACROS -O3 -fomit-frame-pointer -std=c++11 -fvisibility-inlines-hidden -fno-exceptions -fPIC -Woverloaded-virtual -ffunction-sections -fdata-sections -Wcast-qual -fno-rtti'
LLVM_LDFLAGS='-L/usr/local/llvm-3.5.0/lib  -lz -lpthread -lrt -ldl -lm '
LLVM_LIBS='-lLLVM-3.5.0'
LLVM_LINK='/usr/local/llvm-3.5.0/bin/llvm-link'
LLVM_OPT='/usr/local/llvm-3.5.0/bin/opt'
LLVM_VERSION='3.5.0'
LN_S='ln -s'
LTDL_LIBS='-lltdl '
LTLIBOBJS=''
MAKEINFO='${SHELL} /opt/Mohammad/pocl-zynq/pocl-0.11/config/missing makeinfo'
MANIFEST_TOOL=':'
MKDIR_P='/bin/mkdir -p'
NEW_PRINTF_WORKS_FALSE='#'
NEW_PRINTF_WORKS_TRUE=''
NM='/usr/bin/nm -B'
NMEDIT=''
OBJDUMP='objdump'
OBJEXT='o'
OCL_ICD_CFLAGS=''
OCL_ICD_LIBS=''
OCL_KERNEL_ARCH=''
OCL_KERNEL_TARGET='armv7-unknown-linux-gnueabihf'
OCL_KERNEL_TARGET_CPU='cortex-a9'
OCL_TARGETS='host'
OPENCL_CFLAGS=''
OPENCL_CMAKE=''
OPENCL_EXTLIBS='-lOpenCL'
OPENCL_LIBS='-lOpenCL'
OPT='/usr/local/llvm-3.5.0/bin/opt'
OTOOL64=''
OTOOL=''
PACKAGE='pocl'
PACKAGE_BUGREPORT='pocl-devel@lists.sourceforge.net'
PACKAGE_NAME='pocl'
PACKAGE_STRING='pocl 0.11'
PACKAGE_TARNAME='pocl'
PACKAGE_URL=''
PACKAGE_VERSION='0.11'
PATH_SEPARATOR=':'
PKG_CONFIG='/usr/local/bin/pkg-config'
POAT_TESTSUITES=''
POCL_ANDROID_FALSE=''
POCL_ANDROID_TRUE='#'
POCL_DEVICE_ADDRESS_BITS='32'
PTHREAD_CC='gcc'
PTHREAD_CFLAGS='-pthread'
PTHREAD_LIBS=''
RANLIB='ranlib'
SDL_CFLAGS=''
SDL_LIBS=''
SED='/bin/sed'
SET_MAKE=''
SHELL='/bin/bash'
STRIP='strip'
TARGET='armv7l-unknown-linux-gnueabihf'
TARGET_CLANG_FLAGS=''
TARGET_CPU='armv7l'
TARGET_LLC_FLAGS=''
TARGET_SIZEOF_DOUBLE='8'
TARGET_SIZEOF_HALF='2'
TARGET_SIZEOF_LONG='4'
TARGET_SIZEOF_VOID_P='4'
TCECC=''
TCEMC_AVAILABLE=''
TCEMC_AVAILABLE_FALSE=''
TCEMC_AVAILABLE_TRUE='#'
TCE_AVAILABLE=''
TCE_AVAILABLE_FALSE=''
TCE_AVAILABLE_TRUE='#'
TCE_CONFIG=''
TEST_SUITE_AMDSDK2_9_FALSE=''
TEST_SUITE_AMDSDK2_9_TRUE='#'
TEST_SUITE_AMD_FALSE=''
TEST_SUITE_AMD_TRUE='#'
TEST_SUITE_CLOVERLEAF_FALSE=''
TEST_SUITE_CLOVERLEAF_TRUE='#'
TEST_SUITE_HALIDE_FALSE=''
TEST_SUITE_HALIDE_TRUE='#'
TEST_SUITE_PARBOIL_FALSE=''
TEST_SUITE_PARBOIL_TRUE='#'
TEST_SUITE_PIGLIT_FALSE=''
TEST_SUITE_PIGLIT_TRUE='#'
TEST_SUITE_RODINIA_FALSE=''
TEST_SUITE_RODINIA_TRUE='#'
TEST_SUITE_SAMPLES_FALSE=''
TEST_SUITE_SAMPLES_TRUE='#'
TEST_SUITE_VEXCL_FALSE=''
TEST_SUITE_VEXCL_TRUE='#'
TEST_SUITE_VIENNACL_FALSE=''
TEST_SUITE_VIENNACL_TRUE='#'
USE_VECMATHLIB_FALSE='#'
USE_VECMATHLIB_TRUE=''
VERSION='0.11'
ac_ct_AR='ar'
ac_ct_CC='gcc'
ac_ct_CXX='g++'
ac_ct_DUMPBIN=''
acx_pthread_config=''
am__EXEEXT_FALSE=''
am__EXEEXT_TRUE='#'
am__fastdepCC_FALSE='#'
am__fastdepCC_TRUE=''
am__fastdepCXX_FALSE='#'
am__fastdepCXX_TRUE=''
am__include='include'
am__isrc=''
am__leading_dot='.'
am__nodep='_no'
am__quote=''
am__tar='$${TAR-tar} chof - "$$tardir"'
am__untar='$${TAR-tar} xf -'
bindir='${exec_prefix}/bin'
build='armv7l-unknown-linux-gnueabihf'
build_alias=''
build_cpu='armv7l'
build_os='linux-gnueabihf'
build_vendor='unknown'
datadir='${datarootdir}'
datarootdir='${prefix}/share'
docdir='${datarootdir}/doc/${PACKAGE_TARNAME}'
dvidir='${docdir}'
exec_prefix='${prefix}'
host='armv7l-unknown-linux-gnueabihf'
host_alias=''
host_cpu='armv7l'
host_os='linux-gnueabihf'
host_vendor='unknown'
htmldir='${docdir}'
includedir='${prefix}/include'
infodir='${datarootdir}/info'
install_sh='${SHELL} /opt/Mohammad/pocl-zynq/pocl-0.11/config/install-sh'
libdir='${exec_prefix}/lib'
libexecdir='${exec_prefix}/libexec'
localedir='${datarootdir}/locale'
localstatedir='${prefix}/var'
mandir='${datarootdir}/man'
mkdir_p='$(MKDIR_P)'
oldincludedir='/usr/include'
pdfdir='${docdir}'
prefix='/usr/local/pocl-0.11'
program_transform_name='s,x,x,'
psdir='${docdir}'
sbindir='${exec_prefix}/sbin'
sharedstatedir='${prefix}/com'
sysconfdir='${prefix}/etc'
target='armv7l-unknown-linux-gnueabihf'
target_alias=''
target_cpu='armv7l'
target_os='linux-gnueabihf'
target_vendor='unknown'

## ----------- ##
## confdefs.h. ##
## ----------- ##

/* confdefs.h */
#define PACKAGE_NAME "pocl"
#define PACKAGE_TARNAME "pocl"
#define PACKAGE_VERSION "0.11"
#define PACKAGE_STRING "pocl 0.11"
#define PACKAGE_BUGREPORT "pocl-devel@lists.sourceforge.net"
#define PACKAGE_URL ""
#define PACKAGE "pocl"
#define VERSION "0.11"
#define STDC_HEADERS 1
#define HAVE_SYS_TYPES_H 1
#define HAVE_SYS_STAT_H 1
#define HAVE_STDLIB_H 1
#define HAVE_STRING_H 1
#define HAVE_MEMORY_H 1
#define HAVE_STRINGS_H 1
#define HAVE_INTTYPES_H 1
#define HAVE_STDINT_H 1
#define HAVE_UNISTD_H 1
#define HAVE_DLFCN_H 1
#define LT_OBJDIR ".libs/"
#define LLVM_VERSION "3.5.0"
#define LLVM_3_5 /**/
#define HAVE_PTHREAD 1
#define BUILD_ICD /**/
#define DIRECT_LINKAGE /**/
#define HAVE_GL_GL_H 1
#define HAVE_OPENCL_HPP  
#define HAVE_CLOCK_GETTIME 1
#define POCL_DEBUG_MESSAGES 1
#define POCL_BUILD_KERNEL_CACHE 1
#define CLANGXX "/usr/local/llvm-3.5.0/bin/clang++"
#define CLANGXX_FLAGS "--target=armv7l-unknown-linux-gnueabihf "
#define CLANG "/usr/local/llvm-3.5.0/bin/clang"
#define CLFLAGS " -D__OPENCL_VERSION__=120"
#define FORCED_CLFLAGS "-Xclang -ffake-address-space-map -fno-math-errno -fblocks -fno-builtin -fasm -Wno-format"
#define LLC "/usr/local/llvm-3.5.0/bin/llc"
#define KERNEL_DIR "host"
#define TARGET "armv7l-unknown-linux-gnueabihf"
#define TARGET_CLANG_FLAGS ""
#define TARGET_LLC_FLAGS ""
#define HOST "armv7l-unknown-linux-gnueabihf"
#define HOST_CPU "armv7l"
#define OCL_KERNEL_TARGET "armv7-unknown-linux-gnueabihf"
#define OCL_KERNEL_TARGET_CPU "cortex-a9"
#define OCL_KERNEL_ARCH ""
#define HOST_CLANG_FLAGS " -mfloat-abi=hard --target=armv7-unknown-linux-gnueabihf -mcpu=cortex-a9"
#define HOST_LLC_FLAGS "-relocation-model=pic -float-abi=hard -mtriple=armv7-unknown-linux-gnueabihf -mcpu=cortex-a9"
#define HOST_AS_FLAGS " -mfloat-abi=hard"
#define HOST_LD_FLAGS "-shared"
#define POCL_DEVICE_ADDRESS_BITS 32
#define USE_VECMATHLIB /**/
#define BUILDDIR "/opt/Mohammad/pocl-zynq/pocl-0.11"
#define SRCDIR "/opt/Mohammad/pocl-zynq/pocl-0.11"
#define HAVE_POSIX_MEMALIGN /**/
#define SIZEOF_LONG 4
#define SIZEOF___FP16 2
#define SIZEOF_DOUBLE 8
#define SIZEOF_VOID_P 4
#define SIZEOF_LONG 4
#define SIZEOF___FP16 2
#define SIZEOF_DOUBLE 8
#define SIZEOF_VOID_P 4
#define ALIGNOF_FLOAT16 64
#define ALIGNOF_DOUBLE16 128
#define MAX_EXTENDED_ALIGNMENT ALIGNOF_DOUBLE16
#define HAVE_WORKING_HALF 0
#define _CL_DISABLE_HALF /**/
#define WORDS_BIGENDIAN 0
#define POCL_BUILD_TIMESTAMP "201507212241460258120"

configure: exit 0

## ---------------------- ##
## Running config.status. ##
## ---------------------- ##

This file was extended by pocl config.status 0.11, which was
generated by GNU Autoconf 2.69.  Invocation command line was

  CONFIG_FILES    = 
  CONFIG_HEADERS  = 
  CONFIG_LINKS    = 
  CONFIG_COMMANDS = 
  $ ./config.status config.h

on linaro-ubuntu-desktop

config.status:1378: creating config.h
config.status:1559: config.h is unchanged
